# JRE version: OpenJDK Runtime Environment (17.0.9) (build 17.0.9+0--11185874)
# Java VM: OpenJDK 64-Bit Server VM (17.0.9+0--11185874, mixed mode, tiered, compressed oops, compressed class ptrs, g1 gc, windows-amd64)
GC Precious Log:
 CPUs: 8 total, 8 available
 Memory: 16236M
 Large Page Support: Disabled
 NUMA Support: Disabled
 Compressed Oops: Enabled (Zero based)
 Heap Region Size: 2M
 Heap Min Capacity: 8M
 Heap Initial Capacity: 254M
 Heap Max Capacity: 4060M
 Pre-touch: Disabled
 Parallel Workers: 8
 Concurrent Workers: 2
 Concurrent Refinement Workers: 8
 Periodic GC: Disabled
Heap:
 garbage-first heap   total 253952K, used 111174K [0x0000000702400000, 0x0000000800000000)
  region size 2048K, 20 young (40960K), 1 survivors (2048K)
 Metaspace       used 88383K, committed 88704K, reserved 1179648K
  class space    used 9881K, committed 10048K, reserved 1048576K
GC Heap History (20 events):
Event: 4.951 GC heap before
{Heap before GC invocations=17 (full 0):
 garbage-first heap   total 98304K, used 73345K [0x0000000702400000, 0x0000000800000000)
  region size 2048K, 14 young (28672K), 1 survivors (2048K)
 Metaspace       used 62557K, committed 62784K, reserved 1114112K
  class space    used 7471K, committed 7552K, reserved 1048576K
}
Event: 4.960 GC heap after
{Heap after GC invocations=18 (full 0):
 garbage-first heap   total 98304K, used 50554K [0x0000000702400000, 0x0000000800000000)
  region size 2048K, 2 young (4096K), 2 survivors (4096K)
 Metaspace       used 62557K, committed 62784K, reserved 1114112K
  class space    used 7471K, committed 7552K, reserved 1048576K
}
Event: 5.472 GC heap before
{Heap before GC invocations=19 (full 0):
 garbage-first heap   total 98304K, used 73082K [0x0000000702400000, 0x0000000800000000)
  region size 2048K, 13 young (26624K), 2 survivors (4096K)
 Metaspace       used 64639K, committed 64896K, reserved 1114112K
  class space    used 7682K, committed 7808K, reserved 1048576K
}
Event: 5.483 GC heap after
{Heap after GC invocations=20 (full 0):
 garbage-first heap   total 98304K, used 54217K [0x0000000702400000, 0x0000000800000000)
  region size 2048K, 2 young (4096K), 2 survivors (4096K)
 Metaspace       used 64639K, committed 64896K, reserved 1114112K
  class space    used 7682K, committed 7808K, reserved 1048576K
}
Event: 5.766 GC heap before
{Heap before GC invocations=20 (full 0):
 garbage-first heap   total 98304K, used 74697K [0x0000000702400000, 0x0000000800000000)
  region size 2048K, 12 young (24576K), 2 survivors (4096K)
 Metaspace       used 65444K, committed 65792K, reserved 1114112K
  class space    used 7744K, committed 7936K, reserved 1048576K
}
Event: 5.776 GC heap after
{Heap after GC invocations=21 (full 0):
 garbage-first heap   total 126976K, used 57165K [0x0000000702400000, 0x0000000800000000)
  region size 2048K, 2 young (4096K), 2 survivors (4096K)
 Metaspace       used 65444K, committed 65792K, reserved 1114112K
  class space    used 7744K, committed 7936K, reserved 1048576K
}
Event: 6.718 GC heap before
{Heap before GC invocations=22 (full 0):
 garbage-first heap   total 126976K, used 94029K [0x0000000702400000, 0x0000000800000000)
  region size 2048K, 20 young (40960K), 2 survivors (4096K)
 Metaspace       used 67030K, committed 67328K, reserved 1114112K
  class space    used 7781K, committed 7936K, reserved 1048576K
}
Event: 6.729 GC heap after
{Heap after GC invocations=23 (full 0):
 garbage-first heap   total 126976K, used 61897K [0x0000000702400000, 0x0000000800000000)
  region size 2048K, 3 young (6144K), 3 survivors (6144K)
 Metaspace       used 67030K, committed 67328K, reserved 1114112K
  class space    used 7781K, committed 7936K, reserved 1048576K
}
Event: 7.323 GC heap before
{Heap before GC invocations=23 (full 0):
 garbage-first heap   total 126976K, used 96713K [0x0000000702400000, 0x0000000800000000)
  region size 2048K, 20 young (40960K), 3 survivors (6144K)
 Metaspace       used 71366K, committed 71680K, reserved 1114112K
  class space    used 8200K, committed 8320K, reserved 1048576K
}
Event: 7.339 GC heap after
{Heap after GC invocations=24 (full 0):
 garbage-first heap   total 126976K, used 64611K [0x0000000702400000, 0x0000000800000000)
  region size 2048K, 2 young (4096K), 2 survivors (4096K)
 Metaspace       used 71366K, committed 71680K, reserved 1114112K
  class space    used 8200K, committed 8320K, reserved 1048576K
}
Event: 7.932 GC heap before
{Heap before GC invocations=25 (full 0):
 garbage-first heap   total 126976K, used 97379K [0x0000000702400000, 0x0000000800000000)
  region size 2048K, 18 young (36864K), 2 survivors (4096K)
 Metaspace       used 75694K, committed 76032K, reserved 1179648K
  class space    used 8664K, committed 8832K, reserved 1048576K
}
Event: 7.944 GC heap after
{Heap after GC invocations=26 (full 0):
 garbage-first heap   total 126976K, used 68467K [0x0000000702400000, 0x0000000800000000)
  region size 2048K, 3 young (6144K), 3 survivors (6144K)
 Metaspace       used 75694K, committed 76032K, reserved 1179648K
  class space    used 8664K, committed 8832K, reserved 1048576K
}
Event: 7.994 GC heap before
{Heap before GC invocations=26 (full 0):
 garbage-first heap   total 126976K, used 70515K [0x0000000702400000, 0x0000000800000000)
  region size 2048K, 4 young (8192K), 3 survivors (6144K)
 Metaspace       used 76168K, committed 76544K, reserved 1179648K
  class space    used 8716K, committed 8896K, reserved 1048576K
}
Event: 8.013 GC heap after
{Heap after GC invocations=27 (full 0):
 garbage-first heap   total 126976K, used 69310K [0x0000000702400000, 0x0000000800000000)
  region size 2048K, 1 young (2048K), 1 survivors (2048K)
 Metaspace       used 76168K, committed 76544K, reserved 1179648K
  class space    used 8716K, committed 8896K, reserved 1048576K
}
Event: 8.505 GC heap before
{Heap before GC invocations=27 (full 0):
 garbage-first heap   total 126976K, used 95934K [0x0000000702400000, 0x0000000800000000)
  region size 2048K, 15 young (30720K), 1 survivors (2048K)
 Metaspace       used 82556K, committed 82880K, reserved 1179648K
  class space    used 9392K, committed 9536K, reserved 1048576K
}
Event: 8.510 GC heap after
{Heap after GC invocations=28 (full 0):
 garbage-first heap   total 126976K, used 69922K [0x0000000702400000, 0x0000000800000000)
  region size 2048K, 1 young (2048K), 1 survivors (2048K)
 Metaspace       used 82556K, committed 82880K, reserved 1179648K
  class space    used 9392K, committed 9536K, reserved 1048576K
}
Event: 8.830 GC heap before
{Heap before GC invocations=29 (full 0):
 garbage-first heap   total 126976K, used 100642K [0x0000000702400000, 0x0000000800000000)
  region size 2048K, 16 young (32768K), 1 survivors (2048K)
 Metaspace       used 83674K, committed 84032K, reserved 1179648K
  class space    used 9496K, committed 9664K, reserved 1048576K
}
Event: 8.843 GC heap after
{Heap after GC invocations=30 (full 0):
 garbage-first heap   total 126976K, used 74532K [0x0000000702400000, 0x0000000800000000)
  region size 2048K, 2 young (4096K), 2 survivors (4096K)
 Metaspace       used 83674K, committed 84032K, reserved 1179648K
  class space    used 9496K, committed 9664K, reserved 1048576K
}
Event: 8.892 GC heap before
{Heap before GC invocations=30 (full 0):
 garbage-first heap   total 126976K, used 76580K [0x0000000702400000, 0x0000000800000000)
  region size 2048K, 3 young (6144K), 2 survivors (4096K)
 Metaspace       used 83847K, committed 84160K, reserved 1179648K
  class space    used 9501K, committed 9664K, reserved 1048576K
}
Event: 8.901 GC heap after
{Heap after GC invocations=31 (full 0):
 garbage-first heap   total 253952K, used 74310K [0x0000000702400000, 0x0000000800000000)
  region size 2048K, 1 young (2048K), 1 survivors (2048K)
 Metaspace       used 83847K, committed 84160K, reserved 1179648K
  class space    used 9501K, committed 9664K, reserved 1048576K
}

