# JRE version: OpenJDK Runtime Environment (17.0.9) (build 17.0.9+0--11185874)
# Java VM: OpenJDK 64-Bit Server VM (17.0.9+0--11185874, mixed mode, tiered, compressed oops, compressed class ptrs, g1 gc, windows-amd64)
GC Precious Log:
 CPUs: 8 total, 8 available
 Memory: 16236M
 Large Page Support: Disabled
 NUMA Support: Disabled
 Compressed Oops: Enabled (32-bit)
 Heap Region Size: 1M
 Heap Min Capacity: 8M
 Heap Initial Capacity: 254M
 Heap Max Capacity: 2G
 Pre-touch: Disabled
 Parallel Workers: 8
 Concurrent Workers: 2
 Concurrent Refinement Workers: 8
 Periodic GC: Disabled
Heap:
 garbage-first heap   total 268288K, used 192990K [0x0000000080000000, 0x0000000100000000)
  region size 1024K, 6 young (6144K), 6 survivors (6144K)
 Metaspace       used 114856K, committed 115648K, reserved 1179648K
  class space    used 15994K, committed 16384K, reserved 1048576K
GC Heap History (20 events):
Event: 13.339 GC heap after
{Heap after GC invocations=38 (full 0):
 garbage-first heap   total 223232K, used 122172K [0x0000000080000000, 0x0000000100000000)
  region size 1024K, 7 young (7168K), 7 survivors (7168K)
 Metaspace       used 104283K, committed 105088K, reserved 1179648K
  class space    used 14611K, committed 14976K, reserved 1048576K
}
Event: 13.650 GC heap before
{Heap before GC invocations=38 (full 0):
 garbage-first heap   total 223232K, used 182588K [0x0000000080000000, 0x0000000100000000)
  region size 1024K, 66 young (67584K), 7 survivors (7168K)
 Metaspace       used 104426K, committed 105152K, reserved 1179648K
  class space    used 14611K, committed 14976K, reserved 1048576K
}
Event: 13.656 GC heap after
{Heap after GC invocations=39 (full 0):
 garbage-first heap   total 223232K, used 125773K [0x0000000080000000, 0x0000000100000000)
  region size 1024K, 6 young (6144K), 6 survivors (6144K)
 Metaspace       used 104426K, committed 105152K, reserved 1179648K
  class space    used 14611K, committed 14976K, reserved 1048576K
}
Event: 14.079 GC heap before
{Heap before GC invocations=39 (full 0):
 garbage-first heap   total 223232K, used 188237K [0x0000000080000000, 0x0000000100000000)
  region size 1024K, 63 young (64512K), 6 survivors (6144K)
 Metaspace       used 106743K, committed 107520K, reserved 1179648K
  class space    used 14822K, committed 15232K, reserved 1048576K
}
Event: 14.087 GC heap after
{Heap after GC invocations=40 (full 0):
 garbage-first heap   total 223232K, used 130647K [0x0000000080000000, 0x0000000100000000)
  region size 1024K, 7 young (7168K), 7 survivors (7168K)
 Metaspace       used 106743K, committed 107520K, reserved 1179648K
  class space    used 14822K, committed 15232K, reserved 1048576K
}
Event: 14.288 GC heap before
{Heap before GC invocations=40 (full 0):
 garbage-first heap   total 223232K, used 182871K [0x0000000080000000, 0x0000000100000000)
  region size 1024K, 59 young (60416K), 7 survivors (7168K)
 Metaspace       used 106792K, committed 107648K, reserved 1179648K
  class space    used 14827K, committed 15232K, reserved 1048576K
}
Event: 14.294 GC heap after
{Heap after GC invocations=41 (full 0):
 garbage-first heap   total 223232K, used 133493K [0x0000000080000000, 0x0000000100000000)
  region size 1024K, 5 young (5120K), 5 survivors (5120K)
 Metaspace       used 106792K, committed 107648K, reserved 1179648K
  class space    used 14827K, committed 15232K, reserved 1048576K
}
Event: 14.464 GC heap before
{Heap before GC invocations=41 (full 0):
 garbage-first heap   total 223232K, used 183669K [0x0000000080000000, 0x0000000100000000)
  region size 1024K, 55 young (56320K), 5 survivors (5120K)
 Metaspace       used 107446K, committed 108288K, reserved 1179648K
  class space    used 14932K, committed 15360K, reserved 1048576K
}
Event: 14.469 GC heap after
{Heap after GC invocations=42 (full 0):
 garbage-first heap   total 223232K, used 137277K [0x0000000080000000, 0x0000000100000000)
  region size 1024K, 6 young (6144K), 6 survivors (6144K)
 Metaspace       used 107446K, committed 108288K, reserved 1179648K
  class space    used 14932K, committed 15360K, reserved 1048576K
}
Event: 14.507 GC heap before
{Heap before GC invocations=42 (full 0):
 garbage-first heap   total 223232K, used 183357K [0x0000000080000000, 0x0000000100000000)
  region size 1024K, 52 young (53248K), 6 survivors (6144K)
 Metaspace       used 107756K, committed 108544K, reserved 1179648K
  class space    used 14968K, committed 15360K, reserved 1048576K
}
Event: 14.512 GC heap after
{Heap after GC invocations=43 (full 0):
 garbage-first heap   total 268288K, used 146179K [0x0000000080000000, 0x0000000100000000)
  region size 1024K, 7 young (7168K), 7 survivors (7168K)
 Metaspace       used 107756K, committed 108544K, reserved 1179648K
  class space    used 14968K, committed 15360K, reserved 1048576K
}
Event: 14.842 GC heap before
{Heap before GC invocations=43 (full 0):
 garbage-first heap   total 268288K, used 214787K [0x0000000080000000, 0x0000000100000000)
  region size 1024K, 75 young (76800K), 7 survivors (7168K)
 Metaspace       used 111300K, committed 112128K, reserved 1179648K
  class space    used 15504K, committed 15936K, reserved 1048576K
}
Event: 14.848 GC heap after
{Heap after GC invocations=44 (full 0):
 garbage-first heap   total 268288K, used 156269K [0x0000000080000000, 0x0000000100000000)
  region size 1024K, 10 young (10240K), 10 survivors (10240K)
 Metaspace       used 111300K, committed 112128K, reserved 1179648K
  class space    used 15504K, committed 15936K, reserved 1048576K
}
Event: 15.079 GC heap before
{Heap before GC invocations=44 (full 0):
 garbage-first heap   total 268288K, used 216685K [0x0000000080000000, 0x0000000100000000)
  region size 1024K, 70 young (71680K), 10 survivors (10240K)
 Metaspace       used 112747K, committed 113536K, reserved 1179648K
  class space    used 15695K, committed 16064K, reserved 1048576K
}
Event: 15.090 GC heap after
{Heap after GC invocations=45 (full 0):
 garbage-first heap   total 268288K, used 166046K [0x0000000080000000, 0x0000000100000000)
  region size 1024K, 9 young (9216K), 9 survivors (9216K)
 Metaspace       used 112747K, committed 113536K, reserved 1179648K
  class space    used 15695K, committed 16064K, reserved 1048576K
}
Event: 15.264 GC heap before
{Heap before GC invocations=45 (full 0):
 garbage-first heap   total 268288K, used 218270K [0x0000000080000000, 0x0000000100000000)
  region size 1024K, 61 young (62464K), 9 survivors (9216K)
 Metaspace       used 113644K, committed 114496K, reserved 1179648K
  class space    used 15835K, committed 16256K, reserved 1048576K
}
Event: 15.281 GC heap after
{Heap after GC invocations=46 (full 0):
 garbage-first heap   total 268288K, used 176338K [0x0000000080000000, 0x0000000100000000)
  region size 1024K, 8 young (8192K), 8 survivors (8192K)
 Metaspace       used 113644K, committed 114496K, reserved 1179648K
  class space    used 15835K, committed 16256K, reserved 1048576K
}
Event: 15.376 GC heap before
{Heap before GC invocations=46 (full 0):
 garbage-first heap   total 268288K, used 220370K [0x0000000080000000, 0x0000000100000000)
  region size 1024K, 51 young (52224K), 8 survivors (8192K)
 Metaspace       used 114092K, committed 114944K, reserved 1179648K
  class space    used 15894K, committed 16320K, reserved 1048576K
}
Event: 15.388 GC heap after
{Heap after GC invocations=47 (full 0):
 garbage-first heap   total 268288K, used 185839K [0x0000000080000000, 0x0000000100000000)
  region size 1024K, 7 young (7168K), 7 survivors (7168K)
 Metaspace       used 114092K, committed 114944K, reserved 1179648K
  class space    used 15894K, committed 16320K, reserved 1048576K
}
Event: 15.457 GC heap before
{Heap before GC invocations=47 (full 0):
 garbage-first heap   total 268288K, used 221679K [0x0000000080000000, 0x0000000100000000)
  region size 1024K, 43 young (44032K), 7 survivors (7168K)
 Metaspace       used 114856K, committed 115648K, reserved 1179648K
  class space    used 15994K, committed 16384K, reserved 1048576K
}

