# JRE version: OpenJDK Runtime Environment (17.0.9) (build 17.0.9+0--11185874)
# Java VM: OpenJDK 64-Bit Server VM (17.0.9+0--11185874, mixed mode, tiered, compressed oops, compressed class ptrs, g1 gc, windows-amd64)
GC Precious Log:
 CPUs: 8 total, 8 available
 Memory: 16236M
 Large Page Support: Disabled
 NUMA Support: Disabled
 Compressed Oops: Enabled (32-bit)
 Heap Region Size: 1M
 Heap Min Capacity: 8M
 Heap Initial Capacity: 254M
 Heap Max Capacity: 2G
 Pre-touch: Disabled
 Parallel Workers: 8
 Concurrent Workers: 2
 Concurrent Refinement Workers: 8
 Periodic GC: Disabled
Heap:
 garbage-first heap   total 223232K, used 117650K [0x0000000080000000, 0x0000000100000000)
  region size 1024K, 2 young (2048K), 2 survivors (2048K)
 Metaspace       used 103861K, committed 104704K, reserved 1179648K
  class space    used 14581K, committed 14976K, reserved 1048576K
GC Heap History (20 events):
Event: 6.730 GC heap after
{Heap after GC invocations=24 (full 0):
 garbage-first heap   total 223232K, used 68194K [0x0000000080000000, 0x0000000100000000)
  region size 1024K, 6 young (6144K), 6 survivors (6144K)
 Metaspace       used 66772K, committed 67392K, reserved 1114112K
  class space    used 9116K, committed 9408K, reserved 1048576K
}
Event: 7.774 GC heap before
{Heap before GC invocations=24 (full 0):
 garbage-first heap   total 223232K, used 175714K [0x0000000080000000, 0x0000000100000000)
  region size 1024K, 107 young (109568K), 6 survivors (6144K)
 Metaspace       used 76213K, committed 76800K, reserved 1179648K
  class space    used 10394K, committed 10688K, reserved 1048576K
}
Event: 7.780 GC heap after
{Heap after GC invocations=25 (full 0):
 garbage-first heap   total 223232K, used 78228K [0x0000000080000000, 0x0000000100000000)
  region size 1024K, 12 young (12288K), 12 survivors (12288K)
 Metaspace       used 76213K, committed 76800K, reserved 1179648K
  class space    used 10394K, committed 10688K, reserved 1048576K
}
Event: 8.592 GC heap before
{Heap before GC invocations=25 (full 0):
 garbage-first heap   total 223232K, used 171412K [0x0000000080000000, 0x0000000100000000)
  region size 1024K, 104 young (106496K), 12 survivors (12288K)
 Metaspace       used 81347K, committed 81984K, reserved 1179648K
  class space    used 11083K, committed 11392K, reserved 1048576K
}
Event: 8.599 GC heap after
{Heap after GC invocations=26 (full 0):
 garbage-first heap   total 223232K, used 84746K [0x0000000080000000, 0x0000000100000000)
  region size 1024K, 13 young (13312K), 13 survivors (13312K)
 Metaspace       used 81347K, committed 81984K, reserved 1179648K
  class space    used 11083K, committed 11392K, reserved 1048576K
}
Event: 9.378 GC heap before
{Heap before GC invocations=26 (full 0):
 garbage-first heap   total 223232K, used 175882K [0x0000000080000000, 0x0000000100000000)
  region size 1024K, 101 young (103424K), 13 survivors (13312K)
 Metaspace       used 87508K, committed 88192K, reserved 1179648K
  class space    used 12149K, committed 12480K, reserved 1048576K
}
Event: 9.388 GC heap after
{Heap after GC invocations=27 (full 0):
 garbage-first heap   total 223232K, used 88156K [0x0000000080000000, 0x0000000100000000)
  region size 1024K, 11 young (11264K), 11 survivors (11264K)
 Metaspace       used 87508K, committed 88192K, reserved 1179648K
  class space    used 12149K, committed 12480K, reserved 1048576K
}
Event: 10.231 GC heap before
{Heap before GC invocations=27 (full 0):
 garbage-first heap   total 223232K, used 178268K [0x0000000080000000, 0x0000000100000000)
  region size 1024K, 99 young (101376K), 11 survivors (11264K)
 Metaspace       used 92516K, committed 93248K, reserved 1179648K
  class space    used 12902K, committed 13248K, reserved 1048576K
}
Event: 10.241 GC heap after
{Heap after GC invocations=28 (full 0):
 garbage-first heap   total 223232K, used 94586K [0x0000000080000000, 0x0000000100000000)
  region size 1024K, 12 young (12288K), 12 survivors (12288K)
 Metaspace       used 92516K, committed 93248K, reserved 1179648K
  class space    used 12902K, committed 13248K, reserved 1048576K
}
Event: 10.746 GC heap before
{Heap before GC invocations=28 (full 0):
 garbage-first heap   total 223232K, used 153978K [0x0000000080000000, 0x0000000100000000)
  region size 1024K, 71 young (72704K), 12 survivors (12288K)
 Metaspace       used 96394K, committed 97088K, reserved 1179648K
  class space    used 13464K, committed 13824K, reserved 1048576K
}
Event: 10.755 GC heap after
{Heap after GC invocations=29 (full 0):
 garbage-first heap   total 223232K, used 98953K [0x0000000080000000, 0x0000000100000000)
  region size 1024K, 5 young (5120K), 5 survivors (5120K)
 Metaspace       used 96394K, committed 97088K, reserved 1179648K
  class space    used 13464K, committed 13824K, reserved 1048576K
}
Event: 11.522 GC heap before
{Heap before GC invocations=30 (full 0):
 garbage-first heap   total 223232K, used 178825K [0x0000000080000000, 0x0000000100000000)
  region size 1024K, 84 young (86016K), 5 survivors (5120K)
 Metaspace       used 102375K, committed 103104K, reserved 1179648K
  class space    used 14374K, committed 14720K, reserved 1048576K
}
Event: 11.531 GC heap after
{Heap after GC invocations=31 (full 0):
 garbage-first heap   total 223232K, used 104548K [0x0000000080000000, 0x0000000100000000)
  region size 1024K, 10 young (10240K), 10 survivors (10240K)
 Metaspace       used 102375K, committed 103104K, reserved 1179648K
  class space    used 14374K, committed 14720K, reserved 1048576K
}
Event: 11.542 GC heap before
{Heap before GC invocations=31 (full 0):
 garbage-first heap   total 223232K, used 105572K [0x0000000080000000, 0x0000000100000000)
  region size 1024K, 11 young (11264K), 10 survivors (10240K)
 Metaspace       used 102406K, committed 103104K, reserved 1179648K
  class space    used 14379K, committed 14720K, reserved 1048576K
}
Event: 11.549 GC heap after
{Heap after GC invocations=32 (full 0):
 garbage-first heap   total 223232K, used 104683K [0x0000000080000000, 0x0000000100000000)
  region size 1024K, 2 young (2048K), 2 survivors (2048K)
 Metaspace       used 102406K, committed 103104K, reserved 1179648K
  class space    used 14379K, committed 14720K, reserved 1048576K
}
Event: 11.962 GC heap before
{Heap before GC invocations=32 (full 0):
 garbage-first heap   total 223232K, used 180459K [0x0000000080000000, 0x0000000100000000)
  region size 1024K, 77 young (78848K), 2 survivors (2048K)
 Metaspace       used 103552K, committed 104384K, reserved 1179648K
  class space    used 14567K, committed 14976K, reserved 1048576K
}
Event: 11.970 GC heap after
{Heap after GC invocations=33 (full 0):
 garbage-first heap   total 223232K, used 114547K [0x0000000080000000, 0x0000000100000000)
  region size 1024K, 10 young (10240K), 10 survivors (10240K)
 Metaspace       used 103552K, committed 104384K, reserved 1179648K
  class space    used 14567K, committed 14976K, reserved 1048576K
}
Event: 12.264 GC heap before
{Heap before GC invocations=34 (full 0):
 garbage-first heap   total 223232K, used 178035K [0x0000000080000000, 0x0000000100000000)
  region size 1024K, 73 young (74752K), 10 survivors (10240K)
 Metaspace       used 103784K, committed 104640K, reserved 1179648K
  class space    used 14569K, committed 14976K, reserved 1048576K
}
Event: 12.271 GC heap after
{Heap after GC invocations=35 (full 0):
 garbage-first heap   total 223232K, used 118085K [0x0000000080000000, 0x0000000100000000)
  region size 1024K, 6 young (6144K), 6 survivors (6144K)
 Metaspace       used 103784K, committed 104640K, reserved 1179648K
  class space    used 14569K, committed 14976K, reserved 1048576K
}
Event: 12.302 GC heap before
{Heap before GC invocations=35 (full 0):
 garbage-first heap   total 223232K, used 121157K [0x0000000080000000, 0x0000000100000000)
  region size 1024K, 10 young (10240K), 6 survivors (6144K)
 Metaspace       used 103861K, committed 104704K, reserved 1179648K
  class space    used 14581K, committed 14976K, reserved 1048576K
}

