# JRE version: OpenJDK Runtime Environment (17.0.9) (build 17.0.9+0--11185874)
# Java VM: OpenJDK 64-Bit Server VM (17.0.9+0--11185874, mixed mode, tiered, compressed oops, compressed class ptrs, g1 gc, windows-amd64)
GC Precious Log:
 CPUs: 8 total, 8 available
 Memory: 16236M
 Large Page Support: Disabled
 NUMA Support: Disabled
 Compressed Oops: Enabled (32-bit)
 Heap Region Size: 1M
 Heap Min Capacity: 8M
 Heap Initial Capacity: 254M
 Heap Max Capacity: 2G
 Pre-touch: Disabled
 Parallel Workers: 8
 Concurrent Workers: 2
 Concurrent Refinement Workers: 8
 Periodic GC: Disabled
Heap:
 garbage-first heap   total 347136K, used 225732K [0x0000000080000000, 0x0000000100000000)
  region size 1024K, 36 young (36864K), 14 survivors (14336K)
 Metaspace       used 118247K, committed 119104K, reserved 1179648K
  class space    used 16527K, committed 16960K, reserved 1048576K
GC Heap History (20 events):
Event: 9.725 GC heap before
{Heap before GC invocations=41 (full 0):
 garbage-first heap   total 157696K, used 90135K [0x0000000080000000, 0x0000000100000000)
  region size 1024K, 7 young (7168K), 4 survivors (4096K)
 Metaspace       used 87175K, committed 87872K, reserved 1179648K
  class space    used 12098K, committed 12416K, reserved 1048576K
}
Event: 9.728 GC heap after
{Heap after GC invocations=42 (full 0):
 garbage-first heap   total 157696K, used 86668K [0x0000000080000000, 0x0000000100000000)
  region size 1024K, 1 young (1024K), 1 survivors (1024K)
 Metaspace       used 87175K, committed 87872K, reserved 1179648K
  class space    used 12098K, committed 12416K, reserved 1048576K
}
Event: 10.281 GC heap before
{Heap before GC invocations=42 (full 0):
 garbage-first heap   total 157696K, used 130700K [0x0000000080000000, 0x0000000100000000)
  region size 1024K, 44 young (45056K), 1 survivors (1024K)
 Metaspace       used 89557K, committed 90240K, reserved 1179648K
  class space    used 12443K, committed 12800K, reserved 1048576K
}
Event: 10.289 GC heap after
{Heap after GC invocations=43 (full 0):
 garbage-first heap   total 347136K, used 90710K [0x0000000080000000, 0x0000000100000000)
  region size 1024K, 5 young (5120K), 5 survivors (5120K)
 Metaspace       used 89557K, committed 90240K, reserved 1179648K
  class space    used 12443K, committed 12800K, reserved 1048576K
}
Event: 12.561 GC heap before
{Heap before GC invocations=43 (full 0):
 garbage-first heap   total 347136K, used 251478K [0x0000000080000000, 0x0000000100000000)
  region size 1024K, 162 young (165888K), 5 survivors (5120K)
 Metaspace       used 100545K, committed 101312K, reserved 1179648K
  class space    used 14035K, committed 14400K, reserved 1048576K
}
Event: 12.575 GC heap after
{Heap after GC invocations=44 (full 0):
 garbage-first heap   total 347136K, used 101594K [0x0000000080000000, 0x0000000100000000)
  region size 1024K, 16 young (16384K), 16 survivors (16384K)
 Metaspace       used 100545K, committed 101312K, reserved 1179648K
  class space    used 14035K, committed 14400K, reserved 1048576K
}
Event: 14.184 GC heap before
{Heap before GC invocations=44 (full 0):
 garbage-first heap   total 347136K, used 257242K [0x0000000080000000, 0x0000000100000000)
  region size 1024K, 169 young (173056K), 16 survivors (16384K)
 Metaspace       used 103853K, committed 104704K, reserved 1179648K
  class space    used 14551K, committed 14976K, reserved 1048576K
}
Event: 14.203 GC heap after
{Heap after GC invocations=45 (full 0):
 garbage-first heap   total 347136K, used 114446K [0x0000000080000000, 0x0000000100000000)
  region size 1024K, 15 young (15360K), 15 survivors (15360K)
 Metaspace       used 103853K, committed 104704K, reserved 1179648K
  class space    used 14551K, committed 14976K, reserved 1048576K
}
Event: 15.644 GC heap before
{Heap before GC invocations=45 (full 0):
 garbage-first heap   total 347136K, used 269070K [0x0000000080000000, 0x0000000100000000)
  region size 1024K, 165 young (168960K), 15 survivors (15360K)
 Metaspace       used 104618K, committed 105408K, reserved 1179648K
  class space    used 14605K, committed 14976K, reserved 1048576K
}
Event: 15.659 GC heap after
{Heap after GC invocations=46 (full 0):
 garbage-first heap   total 347136K, used 125041K [0x0000000080000000, 0x0000000100000000)
  region size 1024K, 13 young (13312K), 13 survivors (13312K)
 Metaspace       used 104618K, committed 105408K, reserved 1179648K
  class space    used 14605K, committed 14976K, reserved 1048576K
}
Event: 17.085 GC heap before
{Heap before GC invocations=46 (full 0):
 garbage-first heap   total 347136K, used 272497K [0x0000000080000000, 0x0000000100000000)
  region size 1024K, 158 young (161792K), 13 survivors (13312K)
 Metaspace       used 107659K, committed 108480K, reserved 1179648K
  class space    used 14991K, committed 15424K, reserved 1048576K
}
Event: 17.099 GC heap after
{Heap after GC invocations=47 (full 0):
 garbage-first heap   total 347136K, used 133394K [0x0000000080000000, 0x0000000100000000)
  region size 1024K, 11 young (11264K), 11 survivors (11264K)
 Metaspace       used 107659K, committed 108480K, reserved 1179648K
  class space    used 14991K, committed 15424K, reserved 1048576K
}
Event: 18.378 GC heap before
{Heap before GC invocations=47 (full 0):
 garbage-first heap   total 347136K, used 276754K [0x0000000080000000, 0x0000000100000000)
  region size 1024K, 152 young (155648K), 11 survivors (11264K)
 Metaspace       used 109977K, committed 110912K, reserved 1179648K
  class space    used 15347K, committed 15808K, reserved 1048576K
}
Event: 18.393 GC heap after
{Heap after GC invocations=48 (full 0):
 garbage-first heap   total 347136K, used 146695K [0x0000000080000000, 0x0000000100000000)
  region size 1024K, 16 young (16384K), 16 survivors (16384K)
 Metaspace       used 109977K, committed 110912K, reserved 1179648K
  class space    used 15347K, committed 15808K, reserved 1048576K
}
Event: 20.098 GC heap before
{Heap before GC invocations=48 (full 0):
 garbage-first heap   total 347136K, used 276743K [0x0000000080000000, 0x0000000100000000)
  region size 1024K, 144 young (147456K), 16 survivors (16384K)
 Metaspace       used 114433K, committed 115328K, reserved 1179648K
  class space    used 15951K, committed 16384K, reserved 1048576K
}
Event: 20.115 GC heap after
{Heap after GC invocations=49 (full 0):
 garbage-first heap   total 347136K, used 166912K [0x0000000080000000, 0x0000000100000000)
  region size 1024K, 18 young (18432K), 18 survivors (18432K)
 Metaspace       used 114433K, committed 115328K, reserved 1179648K
  class space    used 15951K, committed 16384K, reserved 1048576K
}
Event: 20.963 GC heap before
{Heap before GC invocations=49 (full 0):
 garbage-first heap   total 347136K, used 276480K [0x0000000080000000, 0x0000000100000000)
  region size 1024K, 126 young (129024K), 18 survivors (18432K)
 Metaspace       used 116769K, committed 117696K, reserved 1179648K
  class space    used 16314K, committed 16768K, reserved 1048576K
}
Event: 20.992 GC heap after
{Heap after GC invocations=50 (full 0):
 garbage-first heap   total 347136K, used 186715K [0x0000000080000000, 0x0000000100000000)
  region size 1024K, 16 young (16384K), 16 survivors (16384K)
 Metaspace       used 116769K, committed 117696K, reserved 1179648K
  class space    used 16314K, committed 16768K, reserved 1048576K
}
Event: 21.436 GC heap before
{Heap before GC invocations=50 (full 0):
 garbage-first heap   total 347136K, used 276827K [0x0000000080000000, 0x0000000100000000)
  region size 1024K, 105 young (107520K), 16 survivors (16384K)
 Metaspace       used 117976K, committed 118912K, reserved 1179648K
  class space    used 16446K, committed 16896K, reserved 1048576K
}
Event: 21.460 GC heap after
{Heap after GC invocations=51 (full 0):
 garbage-first heap   total 347136K, used 204228K [0x0000000080000000, 0x0000000100000000)
  region size 1024K, 14 young (14336K), 14 survivors (14336K)
 Metaspace       used 117976K, committed 118912K, reserved 1179648K
  class space    used 16446K, committed 16896K, reserved 1048576K
}

