# JRE version: OpenJDK Runtime Environment (17.0.9) (build 17.0.9+0--11185874)
# Java VM: OpenJDK 64-Bit Server VM (17.0.9+0--11185874, mixed mode, tiered, compressed oops, compressed class ptrs, g1 gc, windows-amd64)
GC Precious Log:
 CPUs: 8 total, 8 available
 Memory: 16236M
 Large Page Support: Disabled
 NUMA Support: Disabled
 Compressed Oops: Enabled (32-bit)
 Heap Region Size: 1M
 Heap Min Capacity: 8M
 Heap Initial Capacity: 254M
 Heap Max Capacity: 2G
 Pre-touch: Disabled
 Parallel Workers: 8
 Concurrent Workers: 2
 Concurrent Refinement Workers: 8
 Periodic GC: Disabled
Heap:
 garbage-first heap   total 380928K, used 235841K [0x0000000080000000, 0x0000000100000000)
  region size 1024K, 13 young (13312K), 13 survivors (13312K)
 Metaspace       used 119803K, committed 120640K, reserved 1179648K
  class space    used 16841K, committed 17216K, reserved 1048576K
GC Heap History (20 events):
Event: 15.473 GC heap after
{Heap after GC invocations=49 (full 0):
 garbage-first heap   total 276480K, used 138580K [0x0000000080000000, 0x0000000100000000)
  region size 1024K, 9 young (9216K), 9 survivors (9216K)
 Metaspace       used 108391K, committed 109248K, reserved 1179648K
  class space    used 15098K, committed 15488K, reserved 1048576K
}
Event: 15.796 GC heap before
{Heap before GC invocations=49 (full 0):
 garbage-first heap   total 276480K, used 223572K [0x0000000080000000, 0x0000000100000000)
  region size 1024K, 93 young (95232K), 9 survivors (9216K)
 Metaspace       used 109077K, committed 109888K, reserved 1179648K
  class space    used 15222K, committed 15616K, reserved 1048576K
}
Event: 15.806 GC heap after
{Heap after GC invocations=50 (full 0):
 garbage-first heap   total 276480K, used 143597K [0x0000000080000000, 0x0000000100000000)
  region size 1024K, 7 young (7168K), 7 survivors (7168K)
 Metaspace       used 109077K, committed 109888K, reserved 1179648K
  class space    used 15222K, committed 15616K, reserved 1048576K
}
Event: 15.989 GC heap before
{Heap before GC invocations=50 (full 0):
 garbage-first heap   total 276480K, used 225517K [0x0000000080000000, 0x0000000100000000)
  region size 1024K, 88 young (90112K), 7 survivors (7168K)
 Metaspace       used 110186K, committed 111040K, reserved 1179648K
  class space    used 15379K, committed 15808K, reserved 1048576K
}
Event: 15.994 GC heap after
{Heap after GC invocations=51 (full 0):
 garbage-first heap   total 276480K, used 158720K [0x0000000080000000, 0x0000000100000000)
  region size 1024K, 11 young (11264K), 11 survivors (11264K)
 Metaspace       used 110186K, committed 111040K, reserved 1179648K
  class space    used 15379K, committed 15808K, reserved 1048576K
}
Event: 16.087 GC heap before
{Heap before GC invocations=51 (full 0):
 garbage-first heap   total 276480K, used 174080K [0x0000000080000000, 0x0000000100000000)
  region size 1024K, 28 young (28672K), 11 survivors (11264K)
 Metaspace       used 111184K, committed 111936K, reserved 1179648K
  class space    used 15515K, committed 15872K, reserved 1048576K
}
Event: 16.091 GC heap after
{Heap after GC invocations=52 (full 0):
 garbage-first heap   total 276480K, used 162141K [0x0000000080000000, 0x0000000100000000)
  region size 1024K, 3 young (3072K), 3 survivors (3072K)
 Metaspace       used 111184K, committed 111936K, reserved 1179648K
  class space    used 15515K, committed 15872K, reserved 1048576K
}
Event: 16.565 GC heap before
{Heap before GC invocations=53 (full 0):
 garbage-first heap   total 286720K, used 224605K [0x0000000080000000, 0x0000000100000000)
  region size 1024K, 65 young (66560K), 3 survivors (3072K)
 Metaspace       used 114102K, committed 114880K, reserved 1179648K
  class space    used 15951K, committed 16320K, reserved 1048576K
}
Event: 16.575 GC heap after
{Heap after GC invocations=54 (full 0):
 garbage-first heap   total 286720K, used 170478K [0x0000000080000000, 0x0000000100000000)
  region size 1024K, 9 young (9216K), 9 survivors (9216K)
 Metaspace       used 114102K, committed 114880K, reserved 1179648K
  class space    used 15951K, committed 16320K, reserved 1048576K
}
Event: 16.589 GC heap before
{Heap before GC invocations=54 (full 0):
 garbage-first heap   total 286720K, used 175598K [0x0000000080000000, 0x0000000100000000)
  region size 1024K, 14 young (14336K), 9 survivors (9216K)
 Metaspace       used 114146K, committed 114944K, reserved 1179648K
  class space    used 15954K, committed 16320K, reserved 1048576K
}
Event: 16.598 GC heap after
{Heap after GC invocations=55 (full 0):
 garbage-first heap   total 344064K, used 169078K [0x0000000080000000, 0x0000000100000000)
  region size 1024K, 2 young (2048K), 2 survivors (2048K)
 Metaspace       used 114146K, committed 114944K, reserved 1179648K
  class space    used 15954K, committed 16320K, reserved 1048576K
}
Event: 16.905 GC heap before
{Heap before GC invocations=55 (full 0):
 garbage-first heap   total 344064K, used 277622K [0x0000000080000000, 0x0000000100000000)
  region size 1024K, 108 young (110592K), 2 survivors (2048K)
 Metaspace       used 116192K, committed 116992K, reserved 1179648K
  class space    used 16281K, committed 16640K, reserved 1048576K
}
Event: 16.922 GC heap after
{Heap after GC invocations=56 (full 0):
 garbage-first heap   total 344064K, used 188029K [0x0000000080000000, 0x0000000100000000)
  region size 1024K, 14 young (14336K), 14 survivors (14336K)
 Metaspace       used 116192K, committed 116992K, reserved 1179648K
  class space    used 16281K, committed 16640K, reserved 1048576K
}
Event: 17.250 GC heap before
{Heap before GC invocations=57 (full 0):
 garbage-first heap   total 380928K, used 274045K [0x0000000080000000, 0x0000000100000000)
  region size 1024K, 98 young (100352K), 14 survivors (14336K)
 Metaspace       used 117146K, committed 117952K, reserved 1179648K
  class space    used 16407K, committed 16768K, reserved 1048576K
}
Event: 17.269 GC heap after
{Heap after GC invocations=58 (full 0):
 garbage-first heap   total 380928K, used 203691K [0x0000000080000000, 0x0000000100000000)
  region size 1024K, 13 young (13312K), 13 survivors (13312K)
 Metaspace       used 117146K, committed 117952K, reserved 1179648K
  class space    used 16407K, committed 16768K, reserved 1048576K
}
Event: 17.276 GC heap before
{Heap before GC invocations=58 (full 0):
 garbage-first heap   total 380928K, used 208811K [0x0000000080000000, 0x0000000100000000)
  region size 1024K, 18 young (18432K), 13 survivors (13312K)
 Metaspace       used 117212K, committed 118016K, reserved 1179648K
  class space    used 16411K, committed 16768K, reserved 1048576K
}
Event: 17.291 GC heap after
{Heap after GC invocations=59 (full 0):
 garbage-first heap   total 380928K, used 204351K [0x0000000080000000, 0x0000000100000000)
  region size 1024K, 2 young (2048K), 2 survivors (2048K)
 Metaspace       used 117212K, committed 118016K, reserved 1179648K
  class space    used 16411K, committed 16768K, reserved 1048576K
}
Event: 17.524 GC heap before
{Heap before GC invocations=59 (full 0):
 garbage-first heap   total 380928K, used 302655K [0x0000000080000000, 0x0000000100000000)
  region size 1024K, 98 young (100352K), 2 survivors (2048K)
 Metaspace       used 119043K, committed 119872K, reserved 1179648K
  class space    used 16725K, committed 17088K, reserved 1048576K
}
Event: 17.538 GC heap after
{Heap after GC invocations=60 (full 0):
 garbage-first heap   total 380928K, used 220539K [0x0000000080000000, 0x0000000100000000)
  region size 1024K, 13 young (13312K), 13 survivors (13312K)
 Metaspace       used 119043K, committed 119872K, reserved 1179648K
  class space    used 16725K, committed 17088K, reserved 1048576K
}
Event: 17.663 GC heap before
{Heap before GC invocations=60 (full 0):
 garbage-first heap   total 380928K, used 305531K [0x0000000080000000, 0x0000000100000000)
  region size 1024K, 97 young (99328K), 13 survivors (13312K)
 Metaspace       used 119803K, committed 120640K, reserved 1179648K
  class space    used 16841K, committed 17216K, reserved 1048576K
}

