# JRE version: OpenJDK Runtime Environment (17.0.9) (build 17.0.9+0--11185874)
# Java VM: OpenJDK 64-Bit Server VM (17.0.9+0--11185874, mixed mode, tiered, compressed oops, compressed class ptrs, g1 gc, windows-amd64)
GC Precious Log:
 CPUs: 8 total, 8 available
 Memory: 16236M
 Large Page Support: Disabled
 NUMA Support: Disabled
 Compressed Oops: Enabled (32-bit)
 Heap Region Size: 1M
 Heap Min Capacity: 8M
 Heap Initial Capacity: 254M
 Heap Max Capacity: 2G
 Pre-touch: Disabled
 Parallel Workers: 8
 Concurrent Workers: 2
 Concurrent Refinement Workers: 8
 Periodic GC: Disabled
Heap:
 garbage-first heap   total 159744K, used 118039K [0x0000000080000000, 0x0000000100000000)
  region size 1024K, 31 young (31744K), 6 survivors (6144K)
 Metaspace       used 92792K, committed 93504K, reserved 1179648K
  class space    used 13036K, committed 13376K, reserved 1048576K
GC Heap History (20 events):
Event: 6.565 GC heap before
{Heap before GC invocations=23 (full 0):
 garbage-first heap   total 133120K, used 104290K [0x0000000080000000, 0x0000000100000000)
  region size 1024K, 34 young (34816K), 4 survivors (4096K)
 Metaspace       used 68393K, committed 68992K, reserved 1114112K
  class space    used 9329K, committed 9600K, reserved 1048576K
}
Event: 6.568 GC heap after
{Heap after GC invocations=24 (full 0):
 garbage-first heap   total 133120K, used 70960K [0x0000000080000000, 0x0000000100000000)
  region size 1024K, 4 young (4096K), 4 survivors (4096K)
 Metaspace       used 68393K, committed 68992K, reserved 1114112K
  class space    used 9329K, committed 9600K, reserved 1048576K
}
Event: 6.826 GC heap before
{Heap before GC invocations=24 (full 0):
 garbage-first heap   total 133120K, used 102704K [0x0000000080000000, 0x0000000100000000)
  region size 1024K, 35 young (35840K), 4 survivors (4096K)
 Metaspace       used 70606K, committed 71232K, reserved 1114112K
  class space    used 9636K, committed 9920K, reserved 1048576K
}
Event: 6.829 GC heap after
{Heap after GC invocations=25 (full 0):
 garbage-first heap   total 133120K, used 72573K [0x0000000080000000, 0x0000000100000000)
  region size 1024K, 5 young (5120K), 5 survivors (5120K)
 Metaspace       used 70606K, committed 71232K, reserved 1114112K
  class space    used 9636K, committed 9920K, reserved 1048576K
}
Event: 7.178 GC heap before
{Heap before GC invocations=26 (full 0):
 garbage-first heap   total 133120K, used 108413K [0x0000000080000000, 0x0000000100000000)
  region size 1024K, 37 young (37888K), 5 survivors (5120K)
 Metaspace       used 74002K, committed 74624K, reserved 1114112K
  class space    used 10107K, committed 10432K, reserved 1048576K
}
Event: 7.181 GC heap after
{Heap after GC invocations=27 (full 0):
 garbage-first heap   total 159744K, used 78248K [0x0000000080000000, 0x0000000100000000)
  region size 1024K, 5 young (5120K), 5 survivors (5120K)
 Metaspace       used 74002K, committed 74624K, reserved 1114112K
  class space    used 10107K, committed 10432K, reserved 1048576K
}
Event: 7.194 GC heap before
{Heap before GC invocations=27 (full 0):
 garbage-first heap   total 159744K, used 80296K [0x0000000080000000, 0x0000000100000000)
  region size 1024K, 7 young (7168K), 5 survivors (5120K)
 Metaspace       used 74221K, committed 74816K, reserved 1114112K
  class space    used 10135K, committed 10432K, reserved 1048576K
}
Event: 7.197 GC heap after
{Heap after GC invocations=28 (full 0):
 garbage-first heap   total 159744K, used 77527K [0x0000000080000000, 0x0000000100000000)
  region size 1024K, 1 young (1024K), 1 survivors (1024K)
 Metaspace       used 74221K, committed 74816K, reserved 1114112K
  class space    used 10135K, committed 10432K, reserved 1048576K
}
Event: 7.598 GC heap before
{Heap before GC invocations=28 (full 0):
 garbage-first heap   total 159744K, used 124631K [0x0000000080000000, 0x0000000100000000)
  region size 1024K, 47 young (48128K), 1 survivors (1024K)
 Metaspace       used 78626K, committed 79232K, reserved 1179648K
  class space    used 10733K, committed 11008K, reserved 1048576K
}
Event: 7.600 GC heap after
{Heap after GC invocations=29 (full 0):
 garbage-first heap   total 159744K, used 79165K [0x0000000080000000, 0x0000000100000000)
  region size 1024K, 3 young (3072K), 3 survivors (3072K)
 Metaspace       used 78626K, committed 79232K, reserved 1179648K
  class space    used 10733K, committed 11008K, reserved 1048576K
}
Event: 8.014 GC heap before
{Heap before GC invocations=30 (full 0):
 garbage-first heap   total 159744K, used 125245K [0x0000000080000000, 0x0000000100000000)
  region size 1024K, 49 young (50176K), 3 survivors (3072K)
 Metaspace       used 80160K, committed 80768K, reserved 1179648K
  class space    used 10929K, committed 11200K, reserved 1048576K
}
Event: 8.018 GC heap after
{Heap after GC invocations=31 (full 0):
 garbage-first heap   total 159744K, used 83793K [0x0000000080000000, 0x0000000100000000)
  region size 1024K, 7 young (7168K), 7 survivors (7168K)
 Metaspace       used 80160K, committed 80768K, reserved 1179648K
  class space    used 10929K, committed 11200K, reserved 1048576K
}
Event: 8.355 GC heap before
{Heap before GC invocations=31 (full 0):
 garbage-first heap   total 159744K, used 127825K [0x0000000080000000, 0x0000000100000000)
  region size 1024K, 50 young (51200K), 7 survivors (7168K)
 Metaspace       used 83138K, committed 83776K, reserved 1179648K
  class space    used 11383K, committed 11712K, reserved 1048576K
}
Event: 8.359 GC heap after
{Heap after GC invocations=32 (full 0):
 garbage-first heap   total 159744K, used 85541K [0x0000000080000000, 0x0000000100000000)
  region size 1024K, 2 young (2048K), 2 survivors (2048K)
 Metaspace       used 83138K, committed 83776K, reserved 1179648K
  class space    used 11383K, committed 11712K, reserved 1048576K
}
Event: 8.735 GC heap before
{Heap before GC invocations=32 (full 0):
 garbage-first heap   total 159744K, used 130597K [0x0000000080000000, 0x0000000100000000)
  region size 1024K, 46 young (47104K), 2 survivors (2048K)
 Metaspace       used 86363K, committed 86976K, reserved 1179648K
  class space    used 11992K, committed 12288K, reserved 1048576K
}
Event: 8.738 GC heap after
{Heap after GC invocations=33 (full 0):
 garbage-first heap   total 159744K, used 86937K [0x0000000080000000, 0x0000000100000000)
  region size 1024K, 4 young (4096K), 4 survivors (4096K)
 Metaspace       used 86363K, committed 86976K, reserved 1179648K
  class space    used 11992K, committed 12288K, reserved 1048576K
}
Event: 9.094 GC heap before
{Heap before GC invocations=33 (full 0):
 garbage-first heap   total 159744K, used 130969K [0x0000000080000000, 0x0000000100000000)
  region size 1024K, 47 young (48128K), 4 survivors (4096K)
 Metaspace       used 89252K, committed 89920K, reserved 1179648K
  class space    used 12421K, committed 12736K, reserved 1048576K
}
Event: 9.098 GC heap after
{Heap after GC invocations=34 (full 0):
 garbage-first heap   total 159744K, used 89180K [0x0000000080000000, 0x0000000100000000)
  region size 1024K, 4 young (4096K), 4 survivors (4096K)
 Metaspace       used 89252K, committed 89920K, reserved 1179648K
  class space    used 12421K, committed 12736K, reserved 1048576K
}
Event: 9.495 GC heap before
{Heap before GC invocations=34 (full 0):
 garbage-first heap   total 159744K, used 132188K [0x0000000080000000, 0x0000000100000000)
  region size 1024K, 46 young (47104K), 4 survivors (4096K)
 Metaspace       used 90968K, committed 91712K, reserved 1179648K
  class space    used 12700K, committed 13056K, reserved 1048576K
}
Event: 9.500 GC heap after
{Heap after GC invocations=35 (full 0):
 garbage-first heap   total 159744K, used 94487K [0x0000000080000000, 0x0000000100000000)
  region size 1024K, 6 young (6144K), 6 survivors (6144K)
 Metaspace       used 90968K, committed 91712K, reserved 1179648K
  class space    used 12700K, committed 13056K, reserved 1048576K
}

